2019-02-02 06:12:55,450 CRIT Supervisor running as root (no user in config file)
2019-02-02 06:12:55,452 INFO supervisord started with pid 1
2019-02-02 06:12:56,457 INFO spawned: 'nginx' with pid 9
2019-02-02 06:12:56,464 INFO spawned: 'uwsgi' with pid 10
2019-02-02 06:12:57,746 INFO success: nginx entered RUNNING state, process has stayed up for > than 1 seconds (startsecs)
2019-02-02 06:12:57,747 INFO success: uwsgi entered RUNNING state, process has stayed up for > than 1 seconds (startsecs)
2019-02-02 06:13:55,356 WARN received SIGTERM indicating exit request
2019-02-02 06:13:55,357 INFO waiting for nginx, uwsgi to die
2019-02-02 06:13:56,375 INFO stopped: uwsgi (exit status 0)
2019-02-02 06:13:56,488 INFO stopped: nginx (exit status 0)
2019-02-02 06:13:58,526 CRIT Supervisor running as root (no user in config file)
2019-02-02 06:13:58,529 INFO supervisord started with pid 1
2019-02-02 06:13:59,535 INFO spawned: 'nginx' with pid 9
2019-02-02 06:13:59,539 INFO spawned: 'uwsgi' with pid 10
2019-02-02 06:14:00,797 INFO success: nginx entered RUNNING state, process has stayed up for > than 1 seconds (startsecs)
2019-02-02 06:14:00,799 INFO success: uwsgi entered RUNNING state, process has stayed up for > than 1 seconds (startsecs)
2019-02-02 06:23:05,092 WARN received SIGTERM indicating exit request
2019-02-02 06:23:05,092 INFO waiting for nginx, uwsgi to die
2019-02-02 06:23:06,107 INFO stopped: uwsgi (exit status 0)
2019-02-02 06:23:06,198 INFO stopped: nginx (exit status 0)
2019-02-02 06:23:07,929 CRIT Supervisor running as root (no user in config file)
2019-02-02 06:23:07,932 INFO supervisord started with pid 1
2019-02-02 06:23:08,935 INFO spawned: 'nginx' with pid 8
2019-02-02 06:23:08,937 INFO spawned: 'uwsgi' with pid 9
2019-02-02 06:23:10,186 INFO success: nginx entered RUNNING state, process has stayed up for > than 1 seconds (startsecs)
2019-02-02 06:23:10,188 INFO success: uwsgi entered RUNNING state, process has stayed up for > than 1 seconds (startsecs)
2019-02-02 06:25:13,145 WARN received SIGTERM indicating exit request
2019-02-02 06:25:13,146 INFO waiting for nginx, uwsgi to die
2019-02-02 06:25:14,151 INFO stopped: uwsgi (exit status 0)
2019-02-02 06:25:14,244 INFO stopped: nginx (exit status 0)
2019-02-02 06:25:16,191 CRIT Supervisor running as root (no user in config file)
2019-02-02 06:25:16,194 INFO supervisord started with pid 1
2019-02-02 06:25:17,201 INFO spawned: 'nginx' with pid 9
2019-02-02 06:25:17,205 INFO spawned: 'uwsgi' with pid 10
2019-02-02 06:25:18,456 INFO success: nginx entered RUNNING state, process has stayed up for > than 1 seconds (startsecs)
2019-02-02 06:25:18,457 INFO success: uwsgi entered RUNNING state, process has stayed up for > than 1 seconds (startsecs)
2019-02-02 06:26:49,965 WARN received SIGTERM indicating exit request
2019-02-02 06:26:49,967 INFO waiting for nginx, uwsgi to die
2019-02-02 06:26:50,987 INFO stopped: uwsgi (exit status 0)
2019-02-02 06:26:51,152 INFO stopped: nginx (exit status 0)
2019-02-02 06:26:53,217 CRIT Supervisor running as root (no user in config file)
2019-02-02 06:26:53,221 INFO supervisord started with pid 1
2019-02-02 06:26:54,226 INFO spawned: 'nginx' with pid 8
2019-02-02 06:26:54,234 INFO spawned: 'uwsgi' with pid 9
2019-02-02 06:26:55,491 INFO success: nginx entered RUNNING state, process has stayed up for > than 1 seconds (startsecs)
2019-02-02 06:26:55,492 INFO success: uwsgi entered RUNNING state, process has stayed up for > than 1 seconds (startsecs)
2019-02-02 06:31:21,971 WARN received SIGTERM indicating exit request
2019-02-02 06:31:21,972 INFO waiting for nginx, uwsgi to die
2019-02-02 06:31:22,990 INFO stopped: uwsgi (exit status 0)
2019-02-02 06:31:23,165 INFO stopped: nginx (exit status 0)
2019-02-02 06:31:24,950 CRIT Supervisor running as root (no user in config file)
2019-02-02 06:31:24,953 INFO supervisord started with pid 1
2019-02-02 06:31:25,959 INFO spawned: 'nginx' with pid 9
2019-02-02 06:31:25,963 INFO spawned: 'uwsgi' with pid 10
2019-02-02 06:31:27,217 INFO success: nginx entered RUNNING state, process has stayed up for > than 1 seconds (startsecs)
2019-02-02 06:31:27,218 INFO success: uwsgi entered RUNNING state, process has stayed up for > than 1 seconds (startsecs)
2019-02-02 06:31:45,938 WARN received SIGTERM indicating exit request
2019-02-02 06:31:45,939 INFO waiting for nginx, uwsgi to die
2019-02-02 06:31:46,945 INFO stopped: uwsgi (exit status 0)
2019-02-02 06:31:47,039 INFO stopped: nginx (exit status 0)
2019-02-02 06:31:48,719 CRIT Supervisor running as root (no user in config file)
2019-02-02 06:31:48,722 INFO supervisord started with pid 1
2019-02-02 06:31:49,728 INFO spawned: 'nginx' with pid 9
2019-02-02 06:31:49,735 INFO spawned: 'uwsgi' with pid 10
2019-02-02 06:31:51,589 INFO success: nginx entered RUNNING state, process has stayed up for > than 1 seconds (startsecs)
2019-02-02 06:31:51,590 INFO success: uwsgi entered RUNNING state, process has stayed up for > than 1 seconds (startsecs)
2019-02-02 06:38:55,355 WARN received SIGTERM indicating exit request
2019-02-02 06:38:55,355 INFO waiting for nginx, uwsgi to die
2019-02-02 06:38:56,363 INFO stopped: uwsgi (exit status 0)
2019-02-02 06:38:56,494 INFO stopped: nginx (exit status 0)
2019-02-02 06:38:58,168 CRIT Supervisor running as root (no user in config file)
2019-02-02 06:38:58,172 INFO supervisord started with pid 1
2019-02-02 06:38:59,178 INFO spawned: 'nginx' with pid 9
2019-02-02 06:38:59,182 INFO spawned: 'uwsgi' with pid 10
2019-02-02 06:39:00,443 INFO success: nginx entered RUNNING state, process has stayed up for > than 1 seconds (startsecs)
2019-02-02 06:39:00,445 INFO success: uwsgi entered RUNNING state, process has stayed up for > than 1 seconds (startsecs)
2019-02-02 06:39:46,121 WARN received SIGTERM indicating exit request
2019-02-02 06:39:46,122 INFO waiting for nginx, uwsgi to die
2019-02-02 06:39:47,130 INFO stopped: uwsgi (exit status 0)
2019-02-02 06:39:47,248 INFO stopped: nginx (exit status 0)
2019-02-02 06:39:49,260 CRIT Supervisor running as root (no user in config file)
2019-02-02 06:39:49,264 INFO supervisord started with pid 1
2019-02-02 06:39:50,269 INFO spawned: 'nginx' with pid 10
2019-02-02 06:39:50,272 INFO spawned: 'uwsgi' with pid 11
2019-02-02 06:39:51,510 INFO success: nginx entered RUNNING state, process has stayed up for > than 1 seconds (startsecs)
2019-02-02 06:39:51,512 INFO success: uwsgi entered RUNNING state, process has stayed up for > than 1 seconds (startsecs)
2019-02-02 06:46:48,227 WARN received SIGTERM indicating exit request
2019-02-02 06:46:48,228 INFO waiting for nginx, uwsgi to die
2019-02-02 06:46:49,232 INFO stopped: uwsgi (exit status 0)
2019-02-02 06:46:49,345 INFO stopped: nginx (exit status 0)
2019-02-02 06:46:51,010 CRIT Supervisor running as root (no user in config file)
2019-02-02 06:46:51,014 INFO supervisord started with pid 1
2019-02-02 06:46:52,018 INFO spawned: 'nginx' with pid 9
2019-02-02 06:46:52,021 INFO spawned: 'uwsgi' with pid 10
2019-02-02 06:46:53,361 INFO success: nginx entered RUNNING state, process has stayed up for > than 1 seconds (startsecs)
2019-02-02 06:46:53,362 INFO success: uwsgi entered RUNNING state, process has stayed up for > than 1 seconds (startsecs)
2019-02-02 06:49:09,630 WARN received SIGTERM indicating exit request
2019-02-02 06:49:09,631 INFO waiting for nginx, uwsgi to die
2019-02-02 06:49:10,640 INFO stopped: uwsgi (exit status 0)
2019-02-02 06:49:10,733 INFO stopped: nginx (exit status 0)
2019-02-02 06:49:12,777 CRIT Supervisor running as root (no user in config file)
2019-02-02 06:49:12,780 INFO supervisord started with pid 1
2019-02-02 06:49:13,786 INFO spawned: 'nginx' with pid 8
2019-02-02 06:49:13,793 INFO spawned: 'uwsgi' with pid 9
2019-02-02 06:49:14,794 INFO success: nginx entered RUNNING state, process has stayed up for > than 1 seconds (startsecs)
2019-02-02 06:49:14,794 INFO success: uwsgi entered RUNNING state, process has stayed up for > than 1 seconds (startsecs)
2019-02-02 06:50:53,214 WARN received SIGTERM indicating exit request
2019-02-02 06:50:53,215 INFO waiting for nginx, uwsgi to die
2019-02-02 06:50:54,221 INFO stopped: uwsgi (exit status 0)
2019-02-02 06:50:54,311 INFO stopped: nginx (exit status 0)
2019-02-02 06:50:56,301 CRIT Supervisor running as root (no user in config file)
2019-02-02 06:50:56,304 INFO supervisord started with pid 1
2019-02-02 06:50:57,310 INFO spawned: 'nginx' with pid 10
2019-02-02 06:50:57,313 INFO spawned: 'uwsgi' with pid 11
2019-02-02 06:50:58,548 INFO success: nginx entered RUNNING state, process has stayed up for > than 1 seconds (startsecs)
2019-02-02 06:50:58,550 INFO success: uwsgi entered RUNNING state, process has stayed up for > than 1 seconds (startsecs)
2019-02-02 06:55:22,478 WARN received SIGTERM indicating exit request
2019-02-02 06:55:22,479 INFO waiting for nginx, uwsgi to die
2019-02-02 06:55:23,486 INFO stopped: uwsgi (exit status 0)
2019-02-02 06:55:23,606 INFO stopped: nginx (exit status 0)
2019-02-02 06:55:25,265 CRIT Supervisor running as root (no user in config file)
2019-02-02 06:55:25,268 INFO supervisord started with pid 1
2019-02-02 06:55:26,274 INFO spawned: 'nginx' with pid 9
2019-02-02 06:55:26,282 INFO spawned: 'uwsgi' with pid 10
2019-02-02 06:55:27,531 INFO success: nginx entered RUNNING state, process has stayed up for > than 1 seconds (startsecs)
2019-02-02 06:55:27,531 INFO success: uwsgi entered RUNNING state, process has stayed up for > than 1 seconds (startsecs)
2019-02-02 06:56:11,116 WARN received SIGTERM indicating exit request
2019-02-02 06:56:11,117 INFO waiting for nginx, uwsgi to die
2019-02-02 06:56:12,123 INFO stopped: uwsgi (exit status 0)
2019-02-02 06:56:12,224 INFO stopped: nginx (exit status 0)
2019-02-02 06:56:14,039 CRIT Supervisor running as root (no user in config file)
2019-02-02 06:56:14,042 INFO supervisord started with pid 1
2019-02-02 06:56:15,048 INFO spawned: 'nginx' with pid 8
2019-02-02 06:56:15,051 INFO spawned: 'uwsgi' with pid 9
2019-02-02 06:56:16,277 INFO success: nginx entered RUNNING state, process has stayed up for > than 1 seconds (startsecs)
2019-02-02 06:56:16,278 INFO success: uwsgi entered RUNNING state, process has stayed up for > than 1 seconds (startsecs)
2019-02-02 06:57:35,008 WARN received SIGTERM indicating exit request
2019-02-02 06:57:35,009 INFO waiting for nginx, uwsgi to die
2019-02-02 06:57:36,013 INFO stopped: uwsgi (exit status 0)
2019-02-02 06:57:36,088 INFO stopped: nginx (exit status 0)
2019-02-02 06:57:38,108 CRIT Supervisor running as root (no user in config file)
2019-02-02 06:57:38,111 INFO supervisord started with pid 1
2019-02-02 06:57:39,081 INFO spawned: 'nginx' with pid 9
2019-02-02 06:57:39,084 INFO spawned: 'uwsgi' with pid 10
2019-02-02 06:57:40,579 INFO success: nginx entered RUNNING state, process has stayed up for > than 1 seconds (startsecs)
2019-02-02 06:57:40,582 INFO success: uwsgi entered RUNNING state, process has stayed up for > than 1 seconds (startsecs)
2019-02-02 06:58:49,050 WARN received SIGTERM indicating exit request
2019-02-02 06:58:49,051 INFO waiting for nginx, uwsgi to die
2019-02-02 06:58:50,060 INFO stopped: uwsgi (exit status 0)
2019-02-02 06:58:50,158 INFO stopped: nginx (exit status 0)
2019-02-02 06:58:51,936 CRIT Supervisor running as root (no user in config file)
2019-02-02 06:58:51,939 INFO supervisord started with pid 1
2019-02-02 06:58:52,944 INFO spawned: 'nginx' with pid 8
2019-02-02 06:58:52,947 INFO spawned: 'uwsgi' with pid 9
2019-02-02 06:58:54,223 INFO success: nginx entered RUNNING state, process has stayed up for > than 1 seconds (startsecs)
2019-02-02 06:58:54,224 INFO success: uwsgi entered RUNNING state, process has stayed up for > than 1 seconds (startsecs)
2019-02-02 07:00:39,830 WARN received SIGTERM indicating exit request
2019-02-02 07:00:39,845 INFO waiting for nginx, uwsgi to die
2019-02-02 07:00:40,836 INFO stopped: uwsgi (exit status 0)
2019-02-02 07:00:40,951 INFO stopped: nginx (exit status 0)
2019-02-02 07:00:42,859 CRIT Supervisor running as root (no user in config file)
2019-02-02 07:00:42,862 INFO supervisord started with pid 1
2019-02-02 07:00:43,865 INFO spawned: 'nginx' with pid 9
2019-02-02 07:00:43,867 INFO spawned: 'uwsgi' with pid 10
2019-02-02 07:00:45,599 INFO success: nginx entered RUNNING state, process has stayed up for > than 1 seconds (startsecs)
2019-02-02 07:00:45,601 INFO success: uwsgi entered RUNNING state, process has stayed up for > than 1 seconds (startsecs)
2019-02-02 07:01:18,330 WARN received SIGTERM indicating exit request
2019-02-02 07:01:18,331 INFO waiting for nginx, uwsgi to die
2019-02-02 07:01:19,335 INFO stopped: uwsgi (exit status 0)
2019-02-02 07:01:19,425 INFO stopped: nginx (exit status 0)
2019-02-02 07:01:21,406 CRIT Supervisor running as root (no user in config file)
2019-02-02 07:01:21,410 INFO supervisord started with pid 1
2019-02-02 07:01:22,415 INFO spawned: 'nginx' with pid 8
2019-02-02 07:01:22,419 INFO spawned: 'uwsgi' with pid 9
2019-02-02 07:01:23,647 INFO success: nginx entered RUNNING state, process has stayed up for > than 1 seconds (startsecs)
2019-02-02 07:01:23,649 INFO success: uwsgi entered RUNNING state, process has stayed up for > than 1 seconds (startsecs)
2019-02-02 07:07:29,801 WARN received SIGTERM indicating exit request
2019-02-02 07:07:29,802 INFO waiting for nginx, uwsgi to die
2019-02-02 07:07:31,812 INFO stopped: uwsgi (exit status 0)
2019-02-02 07:07:31,916 INFO stopped: nginx (exit status 0)
2019-02-02 07:07:33,679 CRIT Supervisor running as root (no user in config file)
2019-02-02 07:07:33,682 INFO supervisord started with pid 1
2019-02-02 07:07:34,692 INFO spawned: 'nginx' with pid 9
2019-02-02 07:07:34,696 INFO spawned: 'uwsgi' with pid 10
2019-02-02 07:07:35,937 INFO success: nginx entered RUNNING state, process has stayed up for > than 1 seconds (startsecs)
2019-02-02 07:07:35,938 INFO success: uwsgi entered RUNNING state, process has stayed up for > than 1 seconds (startsecs)
2019-02-02 07:07:50,007 WARN received SIGTERM indicating exit request
2019-02-02 07:07:50,008 INFO waiting for nginx, uwsgi to die
2019-02-02 07:07:51,014 INFO stopped: uwsgi (exit status 0)
2019-02-02 07:07:51,109 INFO stopped: nginx (exit status 0)
2019-02-02 07:07:52,986 CRIT Supervisor running as root (no user in config file)
2019-02-02 07:07:52,989 INFO supervisord started with pid 1
2019-02-02 07:07:53,995 INFO spawned: 'nginx' with pid 9
2019-02-02 07:07:53,998 INFO spawned: 'uwsgi' with pid 10
2019-02-02 07:07:55,244 INFO success: nginx entered RUNNING state, process has stayed up for > than 1 seconds (startsecs)
2019-02-02 07:07:55,245 INFO success: uwsgi entered RUNNING state, process has stayed up for > than 1 seconds (startsecs)
2019-02-02 07:08:23,960 WARN received SIGTERM indicating exit request
2019-02-02 07:08:23,961 INFO waiting for nginx, uwsgi to die
2019-02-02 07:08:24,969 INFO stopped: uwsgi (exit status 0)
2019-02-02 07:08:25,054 INFO stopped: nginx (exit status 0)
2019-02-02 07:08:27,038 CRIT Supervisor running as root (no user in config file)
2019-02-02 07:08:27,041 INFO supervisord started with pid 1
2019-02-02 07:08:28,044 INFO spawned: 'nginx' with pid 9
2019-02-02 07:08:28,046 INFO spawned: 'uwsgi' with pid 10
2019-02-02 07:08:29,299 INFO success: nginx entered RUNNING state, process has stayed up for > than 1 seconds (startsecs)
2019-02-02 07:08:29,300 INFO success: uwsgi entered RUNNING state, process has stayed up for > than 1 seconds (startsecs)
2019-02-02 07:09:49,098 WARN received SIGTERM indicating exit request
2019-02-02 07:09:49,099 INFO waiting for nginx, uwsgi to die
2019-02-02 07:09:50,106 INFO stopped: uwsgi (exit status 0)
2019-02-02 07:09:50,212 INFO stopped: nginx (exit status 0)
2019-02-02 07:09:52,105 CRIT Supervisor running as root (no user in config file)
2019-02-02 07:09:52,108 INFO supervisord started with pid 1
2019-02-02 07:09:53,119 INFO spawned: 'nginx' with pid 8
2019-02-02 07:09:53,126 INFO spawned: 'uwsgi' with pid 9
2019-02-02 07:09:54,361 INFO success: nginx entered RUNNING state, process has stayed up for > than 1 seconds (startsecs)
2019-02-02 07:09:54,364 INFO success: uwsgi entered RUNNING state, process has stayed up for > than 1 seconds (startsecs)
2019-02-02 07:10:47,777 WARN received SIGTERM indicating exit request
2019-02-02 07:10:47,778 INFO waiting for nginx, uwsgi to die
2019-02-02 07:10:48,785 INFO stopped: uwsgi (exit status 0)
2019-02-02 07:10:48,883 INFO stopped: nginx (exit status 0)
2019-02-02 07:10:50,821 CRIT Supervisor running as root (no user in config file)
2019-02-02 07:10:50,824 INFO supervisord started with pid 1
2019-02-02 07:10:51,832 INFO spawned: 'nginx' with pid 8
2019-02-02 07:10:51,836 INFO spawned: 'uwsgi' with pid 9
2019-02-02 07:10:53,071 INFO success: nginx entered RUNNING state, process has stayed up for > than 1 seconds (startsecs)
2019-02-02 07:10:53,073 INFO success: uwsgi entered RUNNING state, process has stayed up for > than 1 seconds (startsecs)
2019-02-02 07:13:43,741 WARN received SIGTERM indicating exit request
2019-02-02 07:13:43,742 INFO waiting for nginx, uwsgi to die
2019-02-02 07:13:44,751 INFO stopped: uwsgi (exit status 0)
2019-02-02 07:13:44,850 INFO stopped: nginx (exit status 0)
2019-02-02 07:13:46,770 CRIT Supervisor running as root (no user in config file)
2019-02-02 07:13:46,773 INFO supervisord started with pid 1
2019-02-02 07:13:47,778 INFO spawned: 'nginx' with pid 9
2019-02-02 07:13:47,781 INFO spawned: 'uwsgi' with pid 10
2019-02-02 07:13:49,458 INFO success: nginx entered RUNNING state, process has stayed up for > than 1 seconds (startsecs)
2019-02-02 07:13:49,460 INFO success: uwsgi entered RUNNING state, process has stayed up for > than 1 seconds (startsecs)
2019-02-02 07:17:16,163 WARN received SIGTERM indicating exit request
2019-02-02 07:17:16,164 INFO waiting for nginx, uwsgi to die
2019-02-02 07:17:17,170 INFO stopped: uwsgi (exit status 0)
2019-02-02 07:17:17,300 INFO stopped: nginx (exit status 0)
2019-02-02 07:17:19,302 CRIT Supervisor running as root (no user in config file)
2019-02-02 07:17:19,306 INFO supervisord started with pid 1
2019-02-02 07:17:20,313 INFO spawned: 'nginx' with pid 9
2019-02-02 07:17:20,316 INFO spawned: 'uwsgi' with pid 10
2019-02-02 07:17:21,569 INFO success: nginx entered RUNNING state, process has stayed up for > than 1 seconds (startsecs)
2019-02-02 07:17:21,571 INFO success: uwsgi entered RUNNING state, process has stayed up for > than 1 seconds (startsecs)
2019-02-02 07:20:08,561 WARN received SIGTERM indicating exit request
2019-02-02 07:20:08,562 INFO waiting for nginx, uwsgi to die
2019-02-02 07:20:09,577 INFO stopped: uwsgi (exit status 0)
2019-02-02 07:20:09,675 INFO stopped: nginx (exit status 0)
2019-02-02 07:20:11,704 CRIT Supervisor running as root (no user in config file)
2019-02-02 07:20:11,707 INFO supervisord started with pid 1
2019-02-02 07:20:12,711 INFO spawned: 'nginx' with pid 8
2019-02-02 07:20:12,725 INFO spawned: 'uwsgi' with pid 13
2019-02-02 07:20:14,165 INFO success: nginx entered RUNNING state, process has stayed up for > than 1 seconds (startsecs)
2019-02-02 07:20:14,167 INFO success: uwsgi entered RUNNING state, process has stayed up for > than 1 seconds (startsecs)
2019-02-02 07:28:16,060 WARN received SIGTERM indicating exit request
2019-02-02 07:28:16,060 INFO waiting for nginx, uwsgi to die
2019-02-02 07:28:17,076 INFO stopped: uwsgi (exit status 0)
2019-02-02 07:28:17,201 INFO stopped: nginx (exit status 0)
2019-02-02 07:28:18,975 CRIT Supervisor running as root (no user in config file)
2019-02-02 07:28:18,978 INFO supervisord started with pid 1
2019-02-02 07:28:19,982 INFO spawned: 'nginx' with pid 9
2019-02-02 07:28:19,986 INFO spawned: 'uwsgi' with pid 10
2019-02-02 07:28:21,281 INFO success: nginx entered RUNNING state, process has stayed up for > than 1 seconds (startsecs)
2019-02-02 07:28:21,282 INFO success: uwsgi entered RUNNING state, process has stayed up for > than 1 seconds (startsecs)
2019-02-02 07:29:42,538 WARN received SIGTERM indicating exit request
2019-02-02 07:29:42,539 INFO waiting for nginx, uwsgi to die
2019-02-02 07:29:43,545 INFO stopped: uwsgi (exit status 0)
2019-02-02 07:29:43,636 INFO stopped: nginx (exit status 0)
2019-02-02 07:29:45,692 CRIT Supervisor running as root (no user in config file)
2019-02-02 07:29:45,696 INFO supervisord started with pid 1
2019-02-02 07:29:46,700 INFO spawned: 'nginx' with pid 9
2019-02-02 07:29:46,705 INFO spawned: 'uwsgi' with pid 10
2019-02-02 07:29:47,981 INFO success: nginx entered RUNNING state, process has stayed up for > than 1 seconds (startsecs)
2019-02-02 07:29:47,983 INFO success: uwsgi entered RUNNING state, process has stayed up for > than 1 seconds (startsecs)
2019-02-02 07:34:24,688 WARN received SIGTERM indicating exit request
2019-02-02 07:34:24,689 INFO waiting for nginx, uwsgi to die
2019-02-02 07:34:25,697 INFO stopped: uwsgi (exit status 0)
2019-02-02 07:34:25,842 INFO stopped: nginx (exit status 0)
